gesture_classification/lite/examples/gesture_classification/android/app/build/intermediates/manifest_merge_blame_file/debug/processDebugMainManifest/manifest-merger-blame-debug-report.txt
1<?xml version="1.0" encoding="utf-8"?>
2<manifest xmlns:android="http://schemas.android.com/apk/res/android"
3    xmlns:dist="http://schemas.android.com/apk/distribution"
4    package="org.tensorflow.lite.examples.gestureclassification"
5    android:versionCode="1"
6    android:versionName="1.0" >
7
8    <uses-sdk
9        android:minSdkVersion="23"
10        android:targetSdkVersion="36" />
11
12    <!-- Enable instant app support -->
13    <dist:module dist:instant="true" />
13-->src/main/AndroidManifest.xml:8:5-40
13-->src/main/AndroidManifest.xml:8:18-37
14
15    <!-- Declare features -->
16    <uses-feature android:name="android.hardware.camera" />
16-->src/main/AndroidManifest.xml:11:5-60
16-->src/main/AndroidManifest.xml:11:19-57
17
18    <!-- Declare permissions -->
19    <uses-permission android:name="android.permission.CAMERA" />
19-->src/main/AndroidManifest.xml:14:5-65
19-->src/main/AndroidManifest.xml:14:22-62
20
21    <permission
21-->[androidx.core:core:1.15.0] AndroidManifest.xml:22:5-24:47
22        android:name="org.tensorflow.lite.examples.gestureclassification.DYNAMIC_RECEIVER_NOT_EXPORTED_PERMISSION"
22-->[androidx.core:core:1.15.0] AndroidManifest.xml:23:9-81
23        android:protectionLevel="signature" />
23-->[androidx.core:core:1.15.0] AndroidManifest.xml:24:9-44
24
25    <uses-permission android:name="org.tensorflow.lite.examples.gestureclassification.DYNAMIC_RECEIVER_NOT_EXPORTED_PERMISSION" />
25-->[androidx.core:core:1.15.0] AndroidManifest.xml:26:5-97
25-->[androidx.core:core:1.15.0] AndroidManifest.xml:26:22-94
26    <uses-permission android:name="android.permission.WRITE_EXTERNAL_STORAGE" />
27    <uses-permission android:name="android.permission.READ_PHONE_STATE" />
28    <uses-permission android:name="android.permission.READ_EXTERNAL_STORAGE" />
29
30    <application
30-->src/main/AndroidManifest.xml:15:5-46:19
31        android:allowBackup="true"
31-->src/main/AndroidManifest.xml:16:9-35
32        android:appComponentFactory="androidx.core.app.CoreComponentFactory"
32-->[androidx.core:core:1.15.0] AndroidManifest.xml:28:18-86
33        android:debuggable="true"
34        android:extractNativeLibs="false"
35        android:icon="@mipmap/ic_launcher"
35-->src/main/AndroidManifest.xml:17:9-43
36        android:label="@string/app_name"
36-->src/main/AndroidManifest.xml:18:9-41
37        android:roundIcon="@mipmap/ic_launcher_round"
37-->src/main/AndroidManifest.xml:19:9-54
38        android:supportsRtl="true"
38-->src/main/AndroidManifest.xml:20:9-35
39        android:taskAffinity="" >
39-->src/main/AndroidManifest.xml:21:9-32
40        <activity
40-->src/main/AndroidManifest.xml:24:9-45:20
41            android:name="org.tensorflow.lite.examples.gestureclassification.MainActivity"
41-->src/main/AndroidManifest.xml:25:13-41
42            android:clearTaskOnLaunch="true"
42-->src/main/AndroidManifest.xml:26:13-45
43            android:configChanges="orientation|screenLayout|screenSize|smallestScreenSize"
43-->src/main/AndroidManifest.xml:27:13-91
44            android:exported="true"
44-->src/main/AndroidManifest.xml:28:13-36
45            android:resizeableActivity="true"
45-->src/main/AndroidManifest.xml:29:13-46
46            android:rotationAnimation="seamless"
46-->src/main/AndroidManifest.xml:30:13-49
47            android:theme="@style/AppTheme" >
47-->src/main/AndroidManifest.xml:31:13-44
48
49            <!-- Main app intent filter -->
50            <intent-filter>
50-->src/main/AndroidManifest.xml:35:13-39:29
51                <action android:name="android.intent.action.MAIN" />
51-->src/main/AndroidManifest.xml:36:17-69
51-->src/main/AndroidManifest.xml:36:25-66
52
53                <category android:name="android.intent.category.LAUNCHER" />
53-->src/main/AndroidManifest.xml:38:17-77
53-->src/main/AndroidManifest.xml:38:27-74
54            </intent-filter>
55
56            <!-- Declare notch support -->
57            <meta-data
57-->src/main/AndroidManifest.xml:42:13-44:40
58                android:name="android.notch_support"
58-->src/main/AndroidManifest.xml:43:17-53
59                android:value="true" />
59-->src/main/AndroidManifest.xml:44:17-37
60        </activity>
61
62        <service
62-->[androidx.camera:camera-camera2:1.2.0-alpha04] AndroidManifest.xml:24:9-33:19
63            android:name="androidx.camera.core.impl.MetadataHolderService"
63-->[androidx.camera:camera-camera2:1.2.0-alpha04] AndroidManifest.xml:25:13-75
64            android:enabled="false"
64-->[androidx.camera:camera-camera2:1.2.0-alpha04] AndroidManifest.xml:26:13-36
65            android:exported="false" >
65-->[androidx.camera:camera-camera2:1.2.0-alpha04] AndroidManifest.xml:27:13-37
66            <meta-data
66-->[androidx.camera:camera-camera2:1.2.0-alpha04] AndroidManifest.xml:30:13-32:89
67                android:name="androidx.camera.core.impl.MetadataHolderService.DEFAULT_CONFIG_PROVIDER"
67-->[androidx.camera:camera-camera2:1.2.0-alpha04] AndroidManifest.xml:31:17-103
68                android:value="androidx.camera.camera2.Camera2Config$DefaultProvider" />
68-->[androidx.camera:camera-camera2:1.2.0-alpha04] AndroidManifest.xml:32:17-86
69        </service>
70
71        <uses-library
71-->[androidx.window:window:1.1.0-alpha03] AndroidManifest.xml:23:9-25:40
72            android:name="androidx.window.extensions"
72-->[androidx.window:window:1.1.0-alpha03] AndroidManifest.xml:24:13-54
73            android:required="false" />
73-->[androidx.window:window:1.1.0-alpha03] AndroidManifest.xml:25:13-37
74        <uses-library
74-->[androidx.window:window:1.1.0-alpha03] AndroidManifest.xml:26:9-28:40
75            android:name="androidx.window.sidecar"
75-->[androidx.window:window:1.1.0-alpha03] AndroidManifest.xml:27:13-51
76            android:required="false" />
76-->[androidx.window:window:1.1.0-alpha03] AndroidManifest.xml:28:13-37
77
78        <provider
78-->[androidx.emoji2:emoji2:1.2.0] AndroidManifest.xml:24:9-32:20
79            android:name="androidx.startup.InitializationProvider"
79-->[androidx.emoji2:emoji2:1.2.0] AndroidManifest.xml:25:13-67
80            android:authorities="org.tensorflow.lite.examples.gestureclassification.androidx-startup"
80-->[androidx.emoji2:emoji2:1.2.0] AndroidManifest.xml:26:13-68
81            android:exported="false" >
81-->[androidx.emoji2:emoji2:1.2.0] AndroidManifest.xml:27:13-37
82            <meta-data
82-->[androidx.emoji2:emoji2:1.2.0] AndroidManifest.xml:29:13-31:52
83                android:name="androidx.emoji2.text.EmojiCompatInitializer"
83-->[androidx.emoji2:emoji2:1.2.0] AndroidManifest.xml:30:17-75
84                android:value="androidx.startup" />
84-->[androidx.emoji2:emoji2:1.2.0] AndroidManifest.xml:31:17-49
85            <meta-data
85-->[androidx.lifecycle:lifecycle-process:2.6.2] AndroidManifest.xml:29:13-31:52
86                android:name="androidx.lifecycle.ProcessLifecycleInitializer"
86-->[androidx.lifecycle:lifecycle-process:2.6.2] AndroidManifest.xml:30:17-78
87                android:value="androidx.startup" />
87-->[androidx.lifecycle:lifecycle-process:2.6.2] AndroidManifest.xml:31:17-49
88            <meta-data
88-->[androidx.profileinstaller:profileinstaller:1.3.0] AndroidManifest.xml:29:13-31:52
89                android:name="androidx.profileinstaller.ProfileInstallerInitializer"
89-->[androidx.profileinstaller:profileinstaller:1.3.0] AndroidManifest.xml:30:17-85
90                android:value="androidx.startup" />
90-->[androidx.profileinstaller:profileinstaller:1.3.0] AndroidManifest.xml:31:17-49
91        </provider>
92
93        <receiver
93-->[androidx.profileinstaller:profileinstaller:1.3.0] AndroidManifest.xml:34:9-52:20
94            android:name="androidx.profileinstaller.ProfileInstallReceiver"
94-->[androidx.profileinstaller:profileinstaller:1.3.0] AndroidManifest.xml:35:13-76
95            android:directBootAware="false"
95-->[androidx.profileinstaller:profileinstaller:1.3.0] AndroidManifest.xml:36:13-44
96            android:enabled="true"
96-->[androidx.profileinstaller:profileinstaller:1.3.0] AndroidManifest.xml:37:13-35
97            android:exported="true"
97-->[androidx.profileinstaller:profileinstaller:1.3.0] AndroidManifest.xml:38:13-36
98            android:permission="android.permission.DUMP" >
98-->[androidx.profileinstaller:profileinstaller:1.3.0] AndroidManifest.xml:39:13-57
99            <intent-filter>
99-->[androidx.profileinstaller:profileinstaller:1.3.0] AndroidManifest.xml:40:13-42:29
100                <action android:name="androidx.profileinstaller.action.INSTALL_PROFILE" />
100-->[androidx.profileinstaller:profileinstaller:1.3.0] AndroidManifest.xml:41:17-91
100-->[androidx.profileinstaller:profileinstaller:1.3.0] AndroidManifest.xml:41:25-88
101            </intent-filter>
102            <intent-filter>
102-->[androidx.profileinstaller:profileinstaller:1.3.0] AndroidManifest.xml:43:13-45:29
103                <action android:name="androidx.profileinstaller.action.SKIP_FILE" />
103-->[androidx.profileinstaller:profileinstaller:1.3.0] AndroidManifest.xml:44:17-85
103-->[androidx.profileinstaller:profileinstaller:1.3.0] AndroidManifest.xml:44:25-82
104            </intent-filter>
105            <intent-filter>
105-->[androidx.profileinstaller:profileinstaller:1.3.0] AndroidManifest.xml:46:13-48:29
106                <action android:name="androidx.profileinstaller.action.SAVE_PROFILE" />
106-->[androidx.profileinstaller:profileinstaller:1.3.0] AndroidManifest.xml:47:17-88
106-->[androidx.profileinstaller:profileinstaller:1.3.0] AndroidManifest.xml:47:25-85
107            </intent-filter>
108            <intent-filter>
108-->[androidx.profileinstaller:profileinstaller:1.3.0] AndroidManifest.xml:49:13-51:29
109                <action android:name="androidx.profileinstaller.action.BENCHMARK_OPERATION" />
109-->[androidx.profileinstaller:profileinstaller:1.3.0] AndroidManifest.xml:50:17-95
109-->[androidx.profileinstaller:profileinstaller:1.3.0] AndroidManifest.xml:50:25-92
110            </intent-filter>
111        </receiver>
112    </application>
113
114</manifest>